{"/home/coder/Projects/FerryKata/src/ferry.js":{"path":"/home/coder/Projects/FerryKata/src/ferry.js","s":{"1":1,"2":1,"3":10,"4":10,"5":10,"6":10,"7":10,"8":10,"9":23,"10":23,"11":23,"12":23,"13":21,"14":21,"15":21,"16":9,"17":12,"18":21,"19":4,"20":17,"21":1,"22":1,"23":1,"24":16,"25":2,"26":10,"27":2,"28":10,"29":12,"30":12,"31":11,"32":11,"33":11,"34":11,"35":11,"36":1,"37":10,"38":1,"39":10,"40":1},"b":{"1":[21,2],"2":[23,22],"3":[9,12],"4":[4,17],"5":[21,21,6],"6":[1,16],"7":[17,17],"8":[11,1],"9":[11,0]},"f":{"1":10,"2":23,"3":2,"4":12,"5":1,"6":1},"fnMap":{"1":{"name":"(anonymous_1)","line":2,"loc":{"start":{"line":2,"column":17},"end":{"line":2,"column":51}}},"2":{"name":"(anonymous_2)","line":9,"loc":{"start":{"line":9,"column":14},"end":{"line":9,"column":27}}},"3":{"name":"(anonymous_3)","line":48,"loc":{"start":{"line":48,"column":13},"end":{"line":48,"column":23}}},"4":{"name":"(anonymous_4)","line":51,"loc":{"start":{"line":51,"column":13},"end":{"line":51,"column":26}}},"5":{"name":"(anonymous_5)","line":67,"loc":{"start":{"line":67,"column":12},"end":{"line":67,"column":22}}},"6":{"name":"(anonymous_6)","line":70,"loc":{"start":{"line":70,"column":18},"end":{"line":70,"column":28}}}},"statementMap":{"1":{"start":{"line":1,"column":0},"end":{"line":1,"column":27}},"2":{"start":{"line":2,"column":0},"end":{"line":73,"column":2}},"3":{"start":{"line":3,"column":0},"end":{"line":3,"column":17}},"4":{"start":{"line":4,"column":0},"end":{"line":4,"column":14}},"5":{"start":{"line":5,"column":0},"end":{"line":5,"column":19}},"6":{"start":{"line":6,"column":0},"end":{"line":6,"column":20}},"7":{"start":{"line":7,"column":0},"end":{"line":7,"column":14}},"8":{"start":{"line":9,"column":1},"end":{"line":47,"column":2}},"9":{"start":{"line":10,"column":0},"end":{"line":10,"column":9}},"10":{"start":{"line":11,"column":0},"end":{"line":11,"column":18}},"11":{"start":{"line":12,"column":0},"end":{"line":12,"column":15}},"12":{"start":{"line":15,"column":0},"end":{"line":45,"column":1}},"13":{"start":{"line":16,"column":2},"end":{"line":16,"column":16}},"14":{"start":{"line":17,"column":2},"end":{"line":17,"column":35}},"15":{"start":{"line":19,"column":2},"end":{"line":23,"column":3}},"16":{"start":{"line":20,"column":4},"end":{"line":20,"column":30}},"17":{"start":{"line":22,"column":4},"end":{"line":22,"column":28}},"18":{"start":{"line":25,"column":2},"end":{"line":32,"column":1}},"19":{"start":{"line":26,"column":16},"end":{"line":26,"column":149}},"20":{"start":{"line":28,"column":19},"end":{"line":32,"column":1}},"21":{"start":{"line":29,"column":16},"end":{"line":29,"column":26}},"22":{"start":{"line":30,"column":16},"end":{"line":30,"column":35}},"23":{"start":{"line":31,"column":16},"end":{"line":31,"column":146}},"24":{"start":{"line":41,"column":0},"end":{"line":41,"column":98}},"25":{"start":{"line":44,"column":2},"end":{"line":44,"column":20}},"26":{"start":{"line":48,"column":0},"end":{"line":50,"column":2}},"27":{"start":{"line":49,"column":0},"end":{"line":49,"column":16}},"28":{"start":{"line":51,"column":0},"end":{"line":65,"column":2}},"29":{"start":{"line":52,"column":2},"end":{"line":52,"column":32}},"30":{"start":{"line":53,"column":2},"end":{"line":64,"column":1}},"31":{"start":{"line":54,"column":4},"end":{"line":56,"column":5}},"32":{"start":{"line":55,"column":8},"end":{"line":55,"column":32}},"33":{"start":{"line":58,"column":4},"end":{"line":58,"column":26}},"34":{"start":{"line":59,"column":4},"end":{"line":59,"column":15}},"35":{"start":{"line":60,"column":4},"end":{"line":60,"column":37}},"36":{"start":{"line":63,"column":2},"end":{"line":63,"column":34}},"37":{"start":{"line":67,"column":0},"end":{"line":69,"column":2}},"38":{"start":{"line":68,"column":0},"end":{"line":68,"column":12}},"39":{"start":{"line":70,"column":0},"end":{"line":72,"column":2}},"40":{"start":{"line":71,"column":2},"end":{"line":71,"column":20}}},"branchMap":{"1":{"line":15,"type":"if","locations":[{"start":{"line":15,"column":0},"end":{"line":15,"column":0}},{"start":{"line":15,"column":0},"end":{"line":15,"column":0}}]},"2":{"line":15,"type":"binary-expr","locations":[{"start":{"line":15,"column":3},"end":{"line":15,"column":27}},{"start":{"line":15,"column":31},"end":{"line":15,"column":80}}]},"3":{"line":19,"type":"if","locations":[{"start":{"line":19,"column":2},"end":{"line":19,"column":2}},{"start":{"line":19,"column":2},"end":{"line":19,"column":2}}]},"4":{"line":25,"type":"if","locations":[{"start":{"line":25,"column":2},"end":{"line":25,"column":2}},{"start":{"line":25,"column":2},"end":{"line":25,"column":2}}]},"5":{"line":25,"type":"binary-expr","locations":[{"start":{"line":25,"column":6},"end":{"line":25,"column":17}},{"start":{"line":25,"column":21},"end":{"line":25,"column":30}},{"start":{"line":25,"column":35},"end":{"line":25,"column":44}}]},"6":{"line":28,"type":"if","locations":[{"start":{"line":28,"column":19},"end":{"line":28,"column":19}},{"start":{"line":28,"column":19},"end":{"line":28,"column":19}}]},"7":{"line":28,"type":"binary-expr","locations":[{"start":{"line":28,"column":23},"end":{"line":28,"column":43}},{"start":{"line":28,"column":47},"end":{"line":28,"column":65}}]},"8":{"line":53,"type":"if","locations":[{"start":{"line":53,"column":2},"end":{"line":53,"column":2}},{"start":{"line":53,"column":2},"end":{"line":53,"column":2}}]},"9":{"line":54,"type":"if","locations":[{"start":{"line":54,"column":4},"end":{"line":54,"column":4}},{"start":{"line":54,"column":4},"end":{"line":54,"column":4}}]}}},"/home/coder/Projects/FerryKata/src/car.js":{"path":"/home/coder/Projects/FerryKata/src/car.js","s":{"1":1,"2":11,"3":11,"4":11},"b":{},"f":{"1":11},"fnMap":{"1":{"name":"(anonymous_1)","line":1,"loc":{"start":{"line":1,"column":17},"end":{"line":1,"column":48}}}},"statementMap":{"1":{"start":{"line":1,"column":0},"end":{"line":5,"column":2}},"2":{"start":{"line":2,"column":0},"end":{"line":2,"column":19}},"3":{"start":{"line":3,"column":0},"end":{"line":3,"column":37}},"4":{"start":{"line":4,"column":0},"end":{"line":4,"column":20}}},"branchMap":{}}}