TN:
SF:/home/coder/Projects/FerryKata/src/ferry.js
FN:2,(anonymous_1)
FN:9,(anonymous_2)
FN:48,(anonymous_3)
FN:51,(anonymous_4)
FN:67,(anonymous_5)
FN:70,(anonymous_6)
FNF:6
FNH:6
FNDA:11,(anonymous_1)
FNDA:23,(anonymous_2)
FNDA:2,(anonymous_3)
FNDA:13,(anonymous_4)
FNDA:1,(anonymous_5)
FNDA:1,(anonymous_6)
DA:1,1
DA:2,1
DA:3,11
DA:4,11
DA:5,11
DA:6,11
DA:7,11
DA:9,11
DA:10,23
DA:11,23
DA:12,23
DA:15,23
DA:16,21
DA:17,21
DA:19,21
DA:20,9
DA:22,12
DA:25,21
DA:26,4
DA:28,17
DA:29,1
DA:30,1
DA:31,1
DA:41,16
DA:44,2
DA:48,11
DA:49,2
DA:51,11
DA:52,13
DA:53,13
DA:54,11
DA:55,11
DA:58,11
DA:59,11
DA:60,11
DA:63,2
DA:67,11
DA:68,1
DA:70,11
DA:71,1
LF:40
LH:40
BRDA:15,1,0,21
BRDA:15,1,1,2
BRDA:15,2,0,23
BRDA:15,2,1,22
BRDA:19,3,0,9
BRDA:19,3,1,12
BRDA:25,4,0,4
BRDA:25,4,1,17
BRDA:25,5,0,21
BRDA:25,5,1,21
BRDA:25,5,2,6
BRDA:28,6,0,1
BRDA:28,6,1,16
BRDA:28,7,0,17
BRDA:28,7,1,17
BRDA:53,8,0,11
BRDA:53,8,1,2
BRDA:54,9,0,11
BRDA:54,9,1,0
BRF:19
BRH:18
end_of_record
TN:
SF:/home/coder/Projects/FerryKata/src/car.js
FN:1,(anonymous_1)
FNF:1
FNH:1
FNDA:13,(anonymous_1)
DA:1,1
DA:2,13
DA:3,13
DA:4,13
LF:4
LH:4
BRF:0
BRH:0
end_of_record
